<?xml version="1.0" encoding="UTF-8"?>
<testsuite xmlns:xsi="http://www.w3.org/2001/XMLSchema-instance" xsi:noNamespaceSchemaLocation="https://maven.apache.org/surefire/maven-surefire-plugin/xsd/surefire-test-report-3.0.xsd" version="3.0" name="maven.automated.test.SystemPropertyTest" time="0.031" tests="2" errors="0" skipped="0" failures="0">
  <properties>
[...]
</properties>
  <testcase name="testSystemProperties" classname="maven.automated.test.SystemPropertyTest" time="0.018"/>
  <testcase name="testPropertyValue" classname="maven.automated.test.SystemPropertyTest" time="0.001"/>
</testsuite>