<?xml version="1.0" encoding="UTF-8" ?>
<testsuite tests="1" failures="0" name="pact.PactConsumerTest" time="0.002" errors="1" skipped="0">
  <properties>
[...]
</properties>
  <testcase classname="pact.PactConsumerTest" name="runTest" time="0.002">
    <error message="Expected static method au.com.dius.pact.core.support.expressions.ExpressionParser.parseExpression(Ljava/lang/String;Lau/com/dius/pact/core/support/expressions/DataType;)Ljava/lang/Object;" type="java.lang.IncompatibleClassChangeError">java.lang.IncompatibleClassChangeError: Expected static method au.com.dius.pact.core.support.expressions.ExpressionParser.parseExpression(Ljava/lang/String;Lau/com/dius/pact/core/support/expressions/DataType;)Ljava/lang/Object;
	at au.com.dius.pact.consumer.junit.BaseProviderRule.getPacts(BaseProviderRule.java:213)
	at au.com.dius.pact.consumer.junit.BaseProviderRule$1.evaluate(BaseProviderRule.java:79)
	at org.junit.rules.RunRules.evaluate(RunRules.java:20)
	at org.junit.runners.ParentRunner.runLeaf(ParentRunner.java:325)
	at org.junit.runners.BlockJUnit4ClassRunner.runChild(BlockJUnit4ClassRunner.java:78)
	at org.junit.runners.BlockJUnit4ClassRunner.runChild(BlockJUnit4ClassRunner.java:57)
	at org.junit.runners.ParentRunner$3.run(ParentRunner.java:290)
	at org.junit.runners.ParentRunner$1.schedule(ParentRunner.java:71)
	at org.junit.runners.ParentRunner.runChildren(ParentRunner.java:288)
	at org.junit.runners.ParentRunner.access$000(ParentRunner.java:58)
	at org.junit.runners.ParentRunner$2.evaluate(ParentRunner.java:268)
	at org.junit.runners.ParentRunner.run(ParentRunner.java:363)
	at org.apache.maven.surefire.junit4.JUnit4Provider.execute(JUnit4Provider.java:252)
	at org.apache.maven.surefire.junit4.JUnit4Provider.executeTestSet(JUnit4Provider.java:141)
	at org.apache.maven.surefire.junit4.JUnit4Provider.invoke(JUnit4Provider.java:112)
	at java.base/jdk.internal.reflect.NativeMethodAccessorImpl.invoke0(Native Method)
	at java.base/jdk.internal.reflect.NativeMethodAccessorImpl.invoke(NativeMethodAccessorImpl.java:62)
	at java.base/jdk.internal.reflect.DelegatingMethodAccessorImpl.invoke(DelegatingMethodAccessorImpl.java:43)
	at java.base/java.lang.reflect.Method.invoke(Method.java:566)
	at org.apache.maven.surefire.util.ReflectionUtils.invokeMethodWithArray(ReflectionUtils.java:189)
	at org.apache.maven.surefire.booter.ProviderFactory$ProviderProxy.invoke(ProviderFactory.java:165)
	at org.apache.maven.surefire.booter.ProviderFactory.invokeProvider(ProviderFactory.java:85)
	at org.apache.maven.surefire.booter.ForkedBooter.runSuitesInProcess(ForkedBooter.java:115)
	at org.apache.maven.surefire.booter.ForkedBooter.main(ForkedBooter.java:75)
</error>
  </testcase>
</testsuite>